2025-07-08 18:40:00 | INFO | repo=2017-course-sys-int-activemq-seminar | action=commit
2025-09-19 07:21:00 | INFO | repo=2017-course-sys-int-activemq-seminar | action=commit
2025-09-26 07:45:00 | INFO | repo=2017-course-sys-int-activemq-seminar | action=commit
2025-10-22 21:44:00 | INFO | repo=2017-course-sys-int-activemq-seminar | action=test | passed=true
2025-09-10 17:24:00 | DEBUG | repo=2017-course-sys-int-activemq-seminar | action=commit
2025-09-15 15:32:00 | INFO | repo=2017-course-sys-int-activemq-seminar | action=commit
2025-06-09 15:59:00 | WARN | repo=2017-course-sys-int-activemq-seminar | action=edit | files=2
2025-08-07 08:25:00 | INFO | repo=2017-course-sys-int-activemq-seminar | action=commit
2025-02-17 08:41:00 | INFO | repo=2017-course-sys-int-activemq-seminar | action=commit
2025-01-18 18:53:00 | DEBUG | repo=2017-course-sys-int-activemq-seminar | action=commit
2025-04-26 11:44:00 | INFO | repo=2017-course-sys-int-activemq-seminar | action=commit
2025-11-10 19:11:00 | WARN | repo=2017-course-sys-int-activemq-seminar | action=commit
2025-12-25 15:57:00 | INFO | repo=2017-course-sys-int-activemq-seminar | action=commit
2025-12-09 13:03:00 | DEBUG | repo=2017-course-sys-int-activemq-seminar | action=test | passed=true
2025-08-19 20:04:00 | DEBUG | repo=2017-course-sys-int-activemq-seminar | action=commit
2025-10-07 08:51:00 | DEBUG | repo=2017-course-sys-int-activemq-seminar | action=commit
2025-03-12 19:34:00 | WARN | repo=2017-course-sys-int-activemq-seminar | action=commit
2025-06-08 12:03:00 | WARN | repo=2017-course-sys-int-activemq-seminar | action=edit | files=1
2025-05-24 07:46:00 | DEBUG | repo=2017-course-sys-int-activemq-seminar | action=commit
2025-08-24 08:13:00 | DEBUG | repo=2017-course-sys-int-activemq-seminar | action=commit
2025-10-17 10:15:00 | INFO | repo=2017-course-sys-int-activemq-seminar | action=commit
2025-02-08 20:15:00 | DEBUG | repo=2017-course-sys-int-activemq-seminar | action=commit
2025-09-28 08:22:00 | INFO | repo=2017-course-sys-int-activemq-seminar | action=commit
2025-04-16 12:26:00 | WARN | repo=2017-course-sys-int-activemq-seminar | action=commit
2025-03-27 14:23:00 | WARN | repo=2017-course-sys-int-activemq-seminar | action=pull
2025-05-22 07:22:00 | INFO | repo=2017-course-sys-int-activemq-seminar | action=commit
2025-12-02 20:28:00 | DEBUG | repo=2017-course-sys-int-activemq-seminar | action=edit | files=2
2025-01-03 11:30:00 | INFO | repo=2017-course-sys-int-activemq-seminar | action=commit
